<?xml version="1.0" encoding="UTF-8"?>
<!-- Generated by org.testng.reporters.JUnitXMLReporter -->
<testsuite ignored="0" hostname="DESKTOP-MLCINJJ" failures="0" tests="26" name="Command line test" time="0.068" errors="0" timestamp="2023-03-03T11:06:52 CST">
  <testcase classname="TestNG.TestNGAssertion" name="validateMultiplication" time="0.005"/>
  <testcase classname="TestNG.TestNGAssertion" name="validateNegativeWithNegative" time="0.001"/>
  <testcase classname="TestNG.TestNGAssertion" name="validateNegativeWithPositive" time="0.0"/>
  <testcase classname="TestNG.TestNGAssertion" name="validateZero" time="0.0"/>
  <testcase classname="TestNG.TestNGIntro" name="test2" time="0.0"/>
  <testcase classname="TestNG.TestNGIntro" name="test2" time="0.0"/>
  <testcase classname="TestNG.TestNGIntro" name="test2" time="0.0"/>
  <testcase classname="TestNG.TestNGIntro" name="test2" time="0.0"/>
  <testcase classname="TestNG.TestNGIntro" name="test2" time="0.0"/>
  <testcase classname="TestNG.TestNGIntro" name="test2" time="0.001"/>
  <testcase classname="TestNG.TestNGIntro" name="test2" time="0.0"/>
  <testcase classname="TestNG.TestNGIntro" name="test2" time="0.0"/>
  <testcase classname="TestNG.TestNGIntro" name="test2" time="0.001"/>
  <testcase classname="TestNG.TestNGIntro" name="test2" time="0.0"/>
  <testcase classname="TestNG.TestNGIntro" name="test2" time="0.0"/>
  <testcase classname="TestNG.TestNGIntro" name="test2" time="0.0"/>
  <testcase classname="TestNG.TestNGIntro" name="test2" time="0.0"/>
  <testcase classname="TestNG.TestNGIntro" name="test2" time="0.0"/>
  <testcase classname="TestNG.TestNGIntro" name="test2" time="0.0"/>
  <testcase classname="TestNG.TestNGIntro" name="test2" time="0.002"/>
  <testcase classname="TestNG.TestNGIntro" name="test2" time="0.0"/>
  <testcase classname="TestNG.TestNGIntro" name="test2" time="0.0"/>
  <testcase classname="TestNG.TestNGIntro" name="test2" time="0.0"/>
  <testcase classname="TestNG.TestNGIntro" name="test2" time="0.0"/>
  <testcase classname="TestNG.TestNGIntro" name="test1" time="0.001"/>
  <testcase classname="TestNG.TestNGIntro" name="test3" time="0.0"/>
</testsuite> <!-- Command line test -->
