<?xml version="1.0" encoding="UTF-8" ?>
<testsuite tests="26" failures="0" name="TestSuite" time="0.019" errors="0" skipped="0">
  <properties>
[...]
</properties>
  <testcase classname="TestNG.TestNGAssertion" name="validateMultiplication" time="0.007"/>
  <testcase classname="TestNG.TestNGAssertion" name="validateNegativeWithNegative" time="0"/>
  <testcase classname="TestNG.TestNGAssertion" name="validateNegativeWithPositive" time="0.001"/>
  <testcase classname="TestNG.TestNGAssertion" name="validateZero" time="0.001"/>
  <testcase classname="TestNG.TestNGIntro" name="test2" time="0.001"/>
  <testcase classname="TestNG.TestNGIntro" name="test2" time="0"/>
  <testcase classname="TestNG.TestNGIntro" name="test2" time="0"/>
  <testcase classname="TestNG.TestNGIntro" name="test2" time="0.001"/>
  <testcase classname="TestNG.TestNGIntro" name="test2" time="0"/>
  <testcase classname="TestNG.TestNGIntro" name="test2" time="0"/>
  <testcase classname="TestNG.TestNGIntro" name="test2" time="0.001"/>
  <testcase classname="TestNG.TestNGIntro" name="test2" time="0"/>
  <testcase classname="TestNG.TestNGIntro" name="test2" time="0"/>
  <testcase classname="TestNG.TestNGIntro" name="test2" time="0.001"/>
  <testcase classname="TestNG.TestNGIntro" name="test2" time="0"/>
  <testcase classname="TestNG.TestNGIntro" name="test2" time="0"/>
  <testcase classname="TestNG.TestNGIntro" name="test2" time="0.001"/>
  <testcase classname="TestNG.TestNGIntro" name="test2" time="0"/>
  <testcase classname="TestNG.TestNGIntro" name="test2" time="0.001"/>
  <testcase classname="TestNG.TestNGIntro" name="test2" time="0.002"/>
  <testcase classname="TestNG.TestNGIntro" name="test2" time="0.001"/>
  <testcase classname="TestNG.TestNGIntro" name="test2" time="0"/>
  <testcase classname="TestNG.TestNGIntro" name="test2" time="0.001"/>
  <testcase classname="TestNG.TestNGIntro" name="test2" time="0"/>
  <testcase classname="TestNG.TestNGIntro" name="test1" time="0"/>
  <testcase classname="TestNG.TestNGIntro" name="test3" time="0"/>
</testsuite>